2025-04-03 09:49:41.525 [background-preinit] INFO  o.h.validator.internal.util.Version - HV000001: Hibernate Validator 8.0.1.Final
2025-04-03 09:49:41.565 [restartedMain] INFO  c.e.weblibrary.WebLibraryApplication - Starting WebLibraryApplication using Java 17.0.14 with PID 14752 (C:\Users\Artem\IdeaProjects\web-library\target\classes started by Artem in C:\Users\Artem\IdeaProjects\web-library)
2025-04-03 09:49:41.565 [restartedMain] DEBUG c.e.weblibrary.WebLibraryApplication - Running with Spring Boot v3.2.4, Spring v6.1.5
2025-04-03 09:49:41.566 [restartedMain] INFO  c.e.weblibrary.WebLibraryApplication - The following 1 profile is active: "C:\Users\Artem\IdeaProjects\web-library"
2025-04-03 09:49:41.598 [restartedMain] INFO  o.s.b.d.e.DevToolsPropertyDefaultsPostProcessor - Devtools property defaults active! Set 'spring.devtools.add-properties' to 'false' to disable
2025-04-03 09:49:41.598 [restartedMain] INFO  o.s.b.d.e.DevToolsPropertyDefaultsPostProcessor - For additional web related logging consider setting the 'logging.level.web' property to 'DEBUG'
2025-04-03 09:49:42.250 [restartedMain] INFO  o.s.d.r.c.RepositoryConfigurationDelegate - Bootstrapping Spring Data JPA repositories in DEFAULT mode.
2025-04-03 09:49:42.296 [restartedMain] INFO  o.s.d.r.c.RepositoryConfigurationDelegate - Finished Spring Data repository scanning in 39 ms. Found 5 JPA repository interfaces.
2025-04-03 09:49:42.780 [restartedMain] INFO  o.s.b.w.e.tomcat.TomcatWebServer - Tomcat initialized with port 228 (http)
2025-04-03 09:49:42.786 [restartedMain] INFO  o.a.coyote.http11.Http11NioProtocol - Initializing ProtocolHandler ["http-nio-228"]
2025-04-03 09:49:42.787 [restartedMain] INFO  o.a.catalina.core.StandardService - Starting service [Tomcat]
2025-04-03 09:49:42.787 [restartedMain] INFO  o.a.catalina.core.StandardEngine - Starting Servlet engine: [Apache Tomcat/10.1.19]
2025-04-03 09:49:42.838 [restartedMain] INFO  o.a.c.c.C.[Tomcat].[localhost].[/] - Initializing Spring embedded WebApplicationContext
2025-04-03 09:49:42.838 [restartedMain] INFO  o.s.b.w.s.c.ServletWebServerApplicationContext - Root WebApplicationContext: initialization completed in 1239 ms
2025-04-03 09:49:42.860 [restartedMain] INFO  com.zaxxer.hikari.HikariDataSource - HikariPool-1 - Starting...
2025-04-03 09:49:43.204 [restartedMain] INFO  com.zaxxer.hikari.pool.HikariPool - HikariPool-1 - Added connection com.mysql.cj.jdbc.ConnectionImpl@41170e7b
2025-04-03 09:49:43.205 [restartedMain] INFO  com.zaxxer.hikari.HikariDataSource - HikariPool-1 - Start completed.
2025-04-03 09:49:43.210 [restartedMain] INFO  o.s.b.a.h.H2ConsoleAutoConfiguration - H2 console available at '/h2-console'. Database available at 'jdbc:mysql://localhost:3306/weblibrary'
2025-04-03 09:49:43.300 [restartedMain] INFO  o.h.jpa.internal.util.LogHelper - HHH000204: Processing PersistenceUnitInfo [name: default]
2025-04-03 09:49:43.358 [restartedMain] INFO  org.hibernate.Version - HHH000412: Hibernate ORM core version 6.4.4.Final
2025-04-03 09:49:43.399 [restartedMain] INFO  o.h.c.i.RegionFactoryInitiator - HHH000026: Second-level cache disabled
2025-04-03 09:49:43.606 [restartedMain] INFO  o.s.o.j.p.SpringPersistenceUnitInfo - No LoadTimeWeaver setup: ignoring JPA class transformer
2025-04-03 09:49:43.671 [restartedMain] WARN  org.hibernate.orm.deprecation - HHH90000025: MySQL8Dialect does not need to be specified explicitly using 'hibernate.dialect' (remove the property setting and it will be selected by default)
2025-04-03 09:49:43.672 [restartedMain] WARN  org.hibernate.orm.deprecation - HHH90000026: MySQL8Dialect has been deprecated; use org.hibernate.dialect.MySQLDialect instead
2025-04-03 09:49:43.684 [restartedMain] DEBUG o.h.t.d.sql.spi.DdlTypeRegistry - addDescriptor(12, org.hibernate.type.descriptor.sql.internal.CapacityDependentDdlType@55d8b9a2) replaced previous registration(org.hibernate.type.descriptor.sql.internal.CapacityDependentDdlType@220f8048)
2025-04-03 09:49:43.684 [restartedMain] DEBUG o.h.t.d.sql.spi.DdlTypeRegistry - addDescriptor(-9, org.hibernate.type.descriptor.sql.internal.CapacityDependentDdlType@4a4af91f) replaced previous registration(org.hibernate.type.descriptor.sql.internal.CapacityDependentDdlType@23760a73)
2025-04-03 09:49:43.685 [restartedMain] DEBUG o.h.t.d.sql.spi.DdlTypeRegistry - addDescriptor(-3, org.hibernate.type.descriptor.sql.internal.CapacityDependentDdlType@3373b216) replaced previous registration(org.hibernate.type.descriptor.sql.internal.CapacityDependentDdlType@6d2079f0)
2025-04-03 09:49:43.685 [restartedMain] DEBUG o.h.t.d.sql.spi.DdlTypeRegistry - addDescriptor(4003, org.hibernate.type.descriptor.sql.internal.DdlTypeImpl@70bff74a) replaced previous registration(org.hibernate.type.descriptor.sql.internal.DdlTypeImpl@63094ebc)
2025-04-03 09:49:43.685 [restartedMain] DEBUG o.h.t.d.sql.spi.DdlTypeRegistry - addDescriptor(4001, org.hibernate.type.descriptor.sql.internal.DdlTypeImpl@4d44b3c9) replaced previous registration(org.hibernate.type.descriptor.sql.internal.DdlTypeImpl@23c5ac68)
2025-04-03 09:49:43.685 [restartedMain] DEBUG o.h.t.d.sql.spi.DdlTypeRegistry - addDescriptor(4002, org.hibernate.type.descriptor.sql.internal.DdlTypeImpl@2c4f0afd) replaced previous registration(org.hibernate.type.descriptor.sql.internal.DdlTypeImpl@59acd66)
2025-04-03 09:49:43.685 [restartedMain] DEBUG o.h.t.d.sql.spi.DdlTypeRegistry - addDescriptor(2004, org.hibernate.type.descriptor.sql.internal.CapacityDependentDdlType@6d28ece7) replaced previous registration(org.hibernate.type.descriptor.sql.internal.DdlTypeImpl@6380abc6)
2025-04-03 09:49:43.685 [restartedMain] DEBUG o.h.t.d.sql.spi.DdlTypeRegistry - addDescriptor(2005, org.hibernate.type.descriptor.sql.internal.CapacityDependentDdlType@374c5da9) replaced previous registration(org.hibernate.type.descriptor.sql.internal.DdlTypeImpl@646e47db)
2025-04-03 09:49:43.685 [restartedMain] DEBUG o.h.t.d.sql.spi.DdlTypeRegistry - addDescriptor(2011, org.hibernate.type.descriptor.sql.internal.CapacityDependentDdlType@4e0bd065) replaced previous registration(org.hibernate.type.descriptor.sql.internal.DdlTypeImpl@28b39cf9)
2025-04-03 09:49:44.374 [restartedMain] INFO  o.h.e.t.j.p.i.JtaPlatformInitiator - HHH000489: No JTA platform available (set 'hibernate.transaction.jta.platform' to enable JTA platform integration)
2025-04-03 09:49:44.384 [restartedMain] DEBUG org.hibernate.SQL - 
2025-04-03 09:49:44.407 [restartedMain] WARN  o.h.t.s.i.ExceptionHandlerLoggedImpl - GenerationTarget encountered exception accepting command : Error executing DDL "
2025-04-03 09:49:44.408 [restartedMain] DEBUG org.hibernate.SQL - 
2025-04-03 09:49:44.410 [restartedMain] WARN  o.h.t.s.i.ExceptionHandlerLoggedImpl - GenerationTarget encountered exception accepting command : Error executing DDL "
2025-04-03 09:49:44.410 [restartedMain] DEBUG org.hibernate.SQL - 
2025-04-03 09:49:44.411 [restartedMain] WARN  o.h.t.s.i.ExceptionHandlerLoggedImpl - GenerationTarget encountered exception accepting command : Error executing DDL "
2025-04-03 09:49:44.412 [restartedMain] DEBUG org.hibernate.SQL - 
2025-04-03 09:49:44.413 [restartedMain] WARN  o.h.t.s.i.ExceptionHandlerLoggedImpl - GenerationTarget encountered exception accepting command : Error executing DDL "
2025-04-03 09:49:44.413 [restartedMain] DEBUG org.hibernate.SQL - 
2025-04-03 09:49:44.414 [restartedMain] WARN  o.h.t.s.i.ExceptionHandlerLoggedImpl - GenerationTarget encountered exception accepting command : Error executing DDL "
2025-04-03 09:49:44.415 [restartedMain] DEBUG org.hibernate.SQL - 
2025-04-03 09:49:44.424 [restartedMain] DEBUG org.hibernate.SQL - 
2025-04-03 09:49:44.428 [restartedMain] DEBUG org.hibernate.SQL - 
2025-04-03 09:49:44.431 [restartedMain] DEBUG org.hibernate.SQL - 
2025-04-03 09:49:44.434 [restartedMain] DEBUG org.hibernate.SQL - 
2025-04-03 09:49:44.439 [restartedMain] DEBUG org.hibernate.SQL - 
2025-04-03 09:49:44.446 [restartedMain] DEBUG org.hibernate.SQL - 
2025-04-03 09:49:44.493 [restartedMain] DEBUG org.hibernate.SQL - 
2025-04-03 09:49:44.525 [restartedMain] DEBUG org.hibernate.SQL - 
2025-04-03 09:49:44.558 [restartedMain] DEBUG org.hibernate.SQL - 
2025-04-03 09:49:44.597 [restartedMain] DEBUG org.hibernate.SQL - 
2025-04-03 09:49:44.631 [restartedMain] DEBUG org.hibernate.SQL - 
2025-04-03 09:49:44.667 [restartedMain] DEBUG org.hibernate.SQL - 
2025-04-03 09:49:44.703 [restartedMain] DEBUG org.hibernate.SQL - 
2025-04-03 09:49:44.790 [restartedMain] DEBUG org.hibernate.SQL - 
2025-04-03 09:49:44.881 [restartedMain] DEBUG org.hibernate.SQL - 
2025-04-03 09:49:45.056 [restartedMain] DEBUG org.hibernate.SQL - 
2025-04-03 09:49:45.203 [restartedMain] DEBUG org.hibernate.SQL - 
2025-04-03 09:49:45.307 [restartedMain] INFO  o.s.o.j.LocalContainerEntityManagerFactoryBean - Initialized JPA EntityManagerFactory for persistence unit 'default'
2025-04-03 09:49:45.543 [restartedMain] INFO  o.s.d.j.r.query.QueryEnhancerFactory - Hibernate is in classpath; If applicable, HQL parser will be used.
2025-04-03 09:49:45.970 [restartedMain] WARN  o.s.b.a.o.j.JpaBaseConfiguration$JpaWebConfiguration - spring.jpa.open-in-view is enabled by default. Therefore, database queries may be performed during view rendering. Explicitly configure spring.jpa.open-in-view to disable this warning
2025-04-03 09:49:46.291 [restartedMain] INFO  o.s.b.d.a.OptionalLiveReloadServer - LiveReload server is running on port 35729
2025-04-03 09:49:46.304 [restartedMain] INFO  o.a.coyote.http11.Http11NioProtocol - Starting ProtocolHandler ["http-nio-228"]
2025-04-03 09:49:46.316 [restartedMain] INFO  o.s.b.w.e.tomcat.TomcatWebServer - Tomcat started on port 228 (http) with context path ''
2025-04-03 09:49:46.322 [restartedMain] INFO  c.e.weblibrary.WebLibraryApplication - Started WebLibraryApplication in 5.219 seconds (process running for 5.756)
2025-04-03 09:51:59.058 [http-nio-228-exec-1] INFO  o.a.c.c.C.[Tomcat].[localhost].[/] - Initializing Spring DispatcherServlet 'dispatcherServlet'
2025-04-03 09:51:59.058 [http-nio-228-exec-1] INFO  o.s.web.servlet.DispatcherServlet - Initializing Servlet 'dispatcherServlet'
2025-04-03 09:51:59.058 [http-nio-228-exec-1] INFO  o.s.web.servlet.DispatcherServlet - Completed initialization in 0 ms
2025-04-03 09:51:59.091 [http-nio-228-exec-1] INFO  c.e.w.aspect.ControllerLoggingAspect - Controller method called: LogController.createLogFile() with arguments: []
2025-04-03 09:51:59.095 [http-nio-228-exec-1] INFO  c.e.w.aspect.ControllerLoggingAspect - Controller method completed: LogController.createLogFile() with result: java.util.concurrent.CompletableFuture@11171983[Not completed]
2025-04-03 09:51:59.095 [http-nio-228-exec-1] INFO  c.e.w.aspect.ControllerLoggingAspect - Method LogController.createLogFile() executed in 4 ms
2025-04-03 09:51:59.115 [task-1] DEBUG org.hibernate.SQL - 
2025-04-03 09:52:04.187 [task-1] DEBUG org.hibernate.SQL - 
2025-04-03 09:52:04.205 [task-1] DEBUG org.hibernate.SQL - 
2025-04-03 09:52:22.166 [http-nio-228-exec-4] INFO  c.e.w.aspect.ControllerLoggingAspect - Controller method called: LogController.createLogFile() with arguments: []
2025-04-03 09:52:22.166 [http-nio-228-exec-4] INFO  c.e.w.aspect.ControllerLoggingAspect - Controller method completed: LogController.createLogFile() with result: java.util.concurrent.CompletableFuture@3d2a032b[Not completed]
2025-04-03 09:52:22.166 [http-nio-228-exec-4] INFO  c.e.w.aspect.ControllerLoggingAspect - Method LogController.createLogFile() executed in 0 ms
2025-04-03 09:52:22.166 [task-2] DEBUG org.hibernate.SQL - 
2025-04-03 09:52:27.183 [task-2] DEBUG org.hibernate.SQL - 
2025-04-03 09:52:27.183 [task-2] DEBUG org.hibernate.SQL - 
2025-04-03 09:52:54.052 [http-nio-228-exec-3] INFO  c.e.w.aspect.ControllerLoggingAspect - Controller method called: LogController.getLogStatus() with arguments: [1]
2025-04-03 09:52:54.056 [http-nio-228-exec-3] DEBUG org.hibernate.SQL - 
2025-04-03 09:52:54.056 [http-nio-228-exec-3] INFO  c.e.w.aspect.ControllerLoggingAspect - Controller method completed: LogController.getLogStatus() with result: <200 OK OK,com.example.weblibrary.model.dto.LogDTO@23b84401,[]>
2025-04-03 09:52:54.063 [http-nio-228-exec-3] INFO  c.e.w.aspect.ControllerLoggingAspect - Method LogController.getLogStatus() executed in 11 ms
2025-04-03 09:53:00.415 [http-nio-228-exec-8] INFO  c.e.w.aspect.ControllerLoggingAspect - Controller method called: LogController.getLogStatus() with arguments: [2]
2025-04-03 09:53:00.415 [http-nio-228-exec-8] DEBUG org.hibernate.SQL - 
2025-04-03 09:53:00.424 [http-nio-228-exec-8] INFO  c.e.w.aspect.ControllerLoggingAspect - Controller method completed: LogController.getLogStatus() with result: <200 OK OK,com.example.weblibrary.model.dto.LogDTO@1384b9e4,[]>
2025-04-03 09:53:00.424 [http-nio-228-exec-8] INFO  c.e.w.aspect.ControllerLoggingAspect - Method LogController.getLogStatus() executed in 9 ms
2025-04-03 09:54:25.404 [http-nio-228-exec-10] INFO  c.e.w.aspect.ControllerLoggingAspect - Controller method called: LogController.getLogFile() with arguments: [1]
2025-04-03 09:54:25.407 [http-nio-228-exec-10] DEBUG org.hibernate.SQL - 
2025-04-03 09:54:25.409 [http-nio-228-exec-10] INFO  c.e.w.aspect.ControllerLoggingAspect - Controller method completed: LogController.getLogFile() with result: <200 OK OK,file [C:\Users\Artem\IdeaProjects\web-library\logs\log-1.txt],[Content-Type:"application/octet-stream", Content-Disposition:"attachment; filename="log-1.txt""]>
2025-04-03 09:54:25.410 [http-nio-228-exec-10] INFO  c.e.w.aspect.ControllerLoggingAspect - Method LogController.getLogFile() executed in 6 ms
2025-04-03 09:54:59.571 [http-nio-228-exec-5] INFO  o.s.api.AbstractOpenApiResource - Init duration for springdoc-openapi is: 594 ms
2025-04-03 09:55:33.472 [http-nio-228-exec-10] INFO  c.e.w.aspect.ControllerLoggingAspect - Controller method called: LogController.getLogFile() with arguments: [1]
2025-04-03 09:55:33.475 [http-nio-228-exec-10] DEBUG org.hibernate.SQL - 
2025-04-03 09:55:33.478 [http-nio-228-exec-10] INFO  c.e.w.aspect.ControllerLoggingAspect - Controller method completed: LogController.getLogFile() with result: <200 OK OK,file [C:\Users\Artem\IdeaProjects\web-library\logs\log-1.txt],[Content-Type:"application/octet-stream", Content-Disposition:"attachment; filename="log-1.txt""]>
2025-04-03 09:55:33.479 [http-nio-228-exec-10] INFO  c.e.w.aspect.ControllerLoggingAspect - Method LogController.getLogFile() executed in 7 ms
2025-04-03 09:57:37.670 [http-nio-228-exec-8] INFO  c.e.w.aspect.ControllerLoggingAspect - Controller method called: LogController.getLogsByDate() with arguments: [2025-04-03]
