2025-04-09 13:44:51.820 [SpringApplicationShutdownHook] INFO  o.s.o.j.LocalContainerEntityManagerFactoryBean - Closing JPA EntityManagerFactory for persistence unit 'default'
2025-04-09 13:44:51.823 [SpringApplicationShutdownHook] DEBUG org.hibernate.SQL - 
    alter table book 
       drop 
       foreign key FKklnrv3weler2ftkweewlky958
2025-04-09 13:44:51.875 [SpringApplicationShutdownHook] DEBUG org.hibernate.SQL - 
    alter table favourites 
       drop 
       foreign key FKfjwtcjnlme02uvw9b6v1645fr
2025-04-09 13:44:51.888 [SpringApplicationShutdownHook] DEBUG org.hibernate.SQL - 
    alter table favourites 
       drop 
       foreign key FKay2ai0s7hv0w0o87xt9rs7ava
2025-04-09 13:44:51.899 [SpringApplicationShutdownHook] DEBUG org.hibernate.SQL - 
    alter table reviews 
       drop 
       foreign key FKgiq1y1159fhcjfigdijlsvdx2
2025-04-09 13:44:51.911 [SpringApplicationShutdownHook] DEBUG org.hibernate.SQL - 
    alter table reviews 
       drop 
       foreign key FKdiald56kmyvcolq4vl168wqiq
2025-04-09 13:44:51.923 [SpringApplicationShutdownHook] DEBUG org.hibernate.SQL - 
    drop table if exists author
2025-04-09 13:44:51.945 [SpringApplicationShutdownHook] DEBUG org.hibernate.SQL - 
    drop table if exists book
2025-04-09 13:44:51.968 [SpringApplicationShutdownHook] DEBUG org.hibernate.SQL - 
    drop table if exists favourites
2025-04-09 13:44:51.992 [SpringApplicationShutdownHook] DEBUG org.hibernate.SQL - 
    drop table if exists log
2025-04-09 13:44:52.012 [SpringApplicationShutdownHook] DEBUG org.hibernate.SQL - 
    drop table if exists reviews
2025-04-09 13:44:52.030 [SpringApplicationShutdownHook] DEBUG org.hibernate.SQL - 
    drop table if exists user
2025-04-09 13:44:52.055 [SpringApplicationShutdownHook] INFO  com.zaxxer.hikari.HikariDataSource - HikariPool-1 - Shutdown initiated...
2025-04-09 13:44:52.059 [SpringApplicationShutdownHook] INFO  com.zaxxer.hikari.HikariDataSource - HikariPool-1 - Shutdown completed.
